00:47:14 **** Incremental Build of configuration Debug for project Primer_Parcial_1ºh ****
make all 
make: No se hace nada para 'all'.
00:47:17 **** Incremental Build of configuration Debug for project Primer_Parcial_1ºh ****
make all 
make: No se hace nada para 'all'.
15:08:48 **** Incremental Build of configuration Debug for project Primer_Parcial_1ºh ****
make all 
make: No se hace nada para 'all'.
15:17:32 **** Incremental Build of configuration Debug for project Primer_Parcial_1ºh ****
make all 
Building file: ../src/informes.c
Invoking: GCC C Compiler
gcc -O0 -g3 -Wall -c -fmessage-length=0 -MMD -MP -MF"src/informes.d" -MT"src/informes.o" -o "src/informes.o" "../src/informes.c"
Finished building: ../src/informes.c
 
Building file: ../src/main.c
Invoking: GCC C Compiler
gcc -O0 -g3 -Wall -c -fmessage-length=0 -MMD -MP -MF"src/main.d" -MT"src/main.o" -o "src/main.o" "../src/main.c"
Finished building: ../src/main.c
 
Building file: ../src/pedidoCliente.c
Invoking: GCC C Compiler
gcc -O0 -g3 -Wall -c -fmessage-length=0 -MMD -MP -MF"src/pedidoCliente.d" -MT"src/pedidoCliente.o" -o "src/pedidoCliente.o" "../src/pedidoCliente.c"
Finished building: ../src/pedidoCliente.c
 
Building target: Primer_Parcial_1ºh
Invoking: GCC C Linker
gcc  -o "Primer_Parcial_1ºh"  ./src/cliente.o ./src/informes.o ./src/main.o ./src/pedidoCliente.o ./src/utn.o   
Finished building target: Primer_Parcial_1ºh
 
15:18:43 **** Incremental Build of configuration Debug for project Primer_Parcial_1ºh ****
make all 
Building file: ../src/main.c
Invoking: GCC C Compiler
gcc -O0 -g3 -Wall -c -fmessage-length=0 -MMD -MP -MF"src/main.d" -MT"src/main.o" -o "src/main.o" "../src/main.c"
Finished building: ../src/main.c
 
Building target: Primer_Parcial_1ºh
Invoking: GCC C Linker
gcc  -o "Primer_Parcial_1ºh"  ./src/cliente.o ./src/informes.o ./src/main.o ./src/pedidoCliente.o ./src/utn.o   
Finished building target: Primer_Parcial_1ºh
 
15:20:58 **** Incremental Build of configuration Debug for project Primer_Parcial_1ºh ****
make all 
Building file: ../src/informes.c
Invoking: GCC C Compiler
gcc -O0 -g3 -Wall -c -fmessage-length=0 -MMD -MP -MF"src/informes.d" -MT"src/informes.o" -o "src/informes.o" "../src/informes.c"
Finished building: ../src/informes.c
 
Building file: ../src/main.c
Invoking: GCC C Compiler
gcc -O0 -g3 -Wall -c -fmessage-length=0 -MMD -MP -MF"src/main.d" -MT"src/main.o" -o "src/main.o" "../src/main.c"
Finished building: ../src/main.c
 
Building file: ../src/pedidoCliente.c
Invoking: GCC C Compiler
gcc -O0 -g3 -Wall -c -fmessage-length=0 -MMD -MP -MF"src/pedidoCliente.d" -MT"src/pedidoCliente.o" -o "src/pedidoCliente.o" "../src/pedidoCliente.c"
Finished building: ../src/pedidoCliente.c
 
Building target: Primer_Parcial_1ºh
Invoking: GCC C Linker
gcc  -o "Primer_Parcial_1ºh"  ./src/cliente.o ./src/informes.o ./src/main.o ./src/pedidoCliente.o ./src/utn.o   
Finished building target: Primer_Parcial_1ºh
 
15:21:03 **** Incremental Build of configuration Debug for project Primer_Parcial_1ºh ****
make all 
make: No se hace nada para 'all'.
