13:42:42 **** Build of configuration Debug for project Primer_Parcial_1ºh ****
make all 
Building file: ../src/Primer_Parcial_1ºh.c
Invoking: GCC C Compiler
gcc -O0 -g3 -Wall -c -fmessage-length=0 -MMD -MP -MF"src/Primer_Parcial_1ºh.d" -MT"src/Primer_Parcial_1ºh.o" -o "src/Primer_Parcial_1ºh.o" "../src/Primer_Parcial_1ºh.c"
Finished building: ../src/Primer_Parcial_1ºh.c
 
Building file: ../src/auxiliarCliente.c
Invoking: GCC C Compiler
gcc -O0 -g3 -Wall -c -fmessage-length=0 -MMD -MP -MF"src/auxiliarCliente.d" -MT"src/auxiliarCliente.o" -o "src/auxiliarCliente.o" "../src/auxiliarCliente.c"
Finished building: ../src/auxiliarCliente.c
 
Building file: ../src/clientes.c
Invoking: GCC C Compiler
gcc -O0 -g3 -Wall -c -fmessage-length=0 -MMD -MP -MF"src/clientes.d" -MT"src/clientes.o" -o "src/clientes.o" "../src/clientes.c"
Finished building: ../src/clientes.c
 
Building file: ../src/informes.c
Invoking: GCC C Compiler
gcc -O0 -g3 -Wall -c -fmessage-length=0 -MMD -MP -MF"src/informes.d" -MT"src/informes.o" -o "src/informes.o" "../src/informes.c"
Finished building: ../src/informes.c
 
Building file: ../src/pedidos_de_recoleccion.c
Invoking: GCC C Compiler
gcc -O0 -g3 -Wall -c -fmessage-length=0 -MMD -MP -MF"src/pedidos_de_recoleccion.d" -MT"src/pedidos_de_recoleccion.o" -o "src/pedidos_de_recoleccion.o" "../src/pedidos_de_recoleccion.c"
Finished building: ../src/pedidos_de_recoleccion.c
 
Building file: ../src/utn.c
Invoking: GCC C Compiler
gcc -O0 -g3 -Wall -c -fmessage-length=0 -MMD -MP -MF"src/utn.d" -MT"src/utn.o" -o "src/utn.o" "../src/utn.c"
Finished building: ../src/utn.c
 
Building target: Primer_Parcial_1ºh
Invoking: GCC C Linker
gcc  -o "Primer_Parcial_1ºh"  ./src/Primer_Parcial_1ºh.o ./src/auxiliarCliente.o ./src/clientes.o ./src/informes.o ./src/pedidos_de_recoleccion.o ./src/utn.o   
Finished building target: Primer_Parcial_1ºh
 

13:42:43 Build Finished. 0 errors, 0 warnings. (took 833ms)

